<?xml version="1.0" encoding="UTF-8"?>
<!-- Generated by org.testng.reporters.JUnitXMLReporter -->
<testsuite hostname="Hp" ignored="0" name="Test" tests="4" failures="0" timestamp="26 Dec 2018 16:47:43 GMT" time="47.596" errors="0">
  <testcase name="testValidLoginLogout" time="8.897" classname="com.actitime.tests.validLoginLogoutTest"/>
  <testcase name="testInvalidlogin" time="10.485" classname="com.actitime.tests.invalidLoginTest"/>
  <testcase name="testVerifyVersion" time="0.209" classname="com.actitime.tests.versionTest"/>
  <testcase name="testBuild" time="3.025" classname="com.actitime.tests.buildTest"/>
</testsuite> <!-- Test -->
